[INFO] 23:24:26:930 Prueba/(2727:2727): Hola! Soy un log
[INFO] 14:52:40:705 Prueba/(2696:2696): Hola! Soy un log
[INFO] 14:54:08:107 Prueba/(2754:2754): Hola! Soy un log
[INFO] 15:01:52:931 Prueba/(3057:3057): Hola! Soy un log
[INFO] 15:02:34:830 Prueba/(3125:3125): Hola! Soy un log
[INFO] 15:03:09:176 Prueba/(3171:3171): Hola! Soy un log
[INFO] 15:05:02:341 Prueba/(3220:3220): Hola! Soy un log
[INFO] 15:06:35:927 Prueba/(3324:3324): Hola! Soy un log
[INFO] 15:09:59:690 Prueba/(3383:3383): Hola! Soy un log
[INFO] 15:11:27:341 Prueba/(3416:3416): Hola! Soy un log
[INFO] 15:12:11:699 Prueba/(3499:3499): Hola! Soy un log
[INFO] 15:12:22:077 Prueba/(3533:3533): Hola! Soy un log
[INFO] 15:13:46:230 Prueba/(3604:3604): Hola! Soy un log
[INFO] 15:13:46:230 Prueba/(3604:3604): HOLA
[INFO] 15:14:30:247 Prueba/(3651:3651): Hola! Soy un log
[INFO] 15:14:44:916 Prueba/(3716:3716): Hola! Soy un log
[INFO] 15:14:44:918 Prueba/(3716:3716): HOLA
[INFO] 15:15:22:892 Prueba/(3765:3765): Hola! Soy un log
[INFO] 15:15:39:066 Prueba/(3871:3871): Hola! Soy un log
[INFO] 15:15:39:067 Prueba/(3871:3871): HOLA
[INFO] 15:16:48:433 Prueba/(3944:3944): Hola! Soy un log
[INFO] 15:16:48:451 Prueba/(3944:3944): HOLA
[INFO] 15:17:23:078 Prueba/(3975:3975): Hola! Soy un log
[INFO] 15:17:43:899 Prueba/(3975:3975): HOLA
[INFO] 15:26:10:501 Prueba/(4166:4166): Hola! Soy un log
[INFO] 15:26:10:510 Prueba/(4166:4166): HOLA
[INFO] 15:26:29:144 Prueba/(4214:4214): Hola! Soy un log
[INFO] 15:26:29:145 Prueba/(4214:4214): HOLA
[INFO] 15:28:02:730 Prueba/(4394:4394): Hola! Soy un log
[INFO] 15:28:02:735 Prueba/(4394:4394): HOLA
[INFO] 15:33:41:840 Prueba/(4514:4514): Hola! Soy un log
[INFO] 15:33:41:843 Prueba/(4514:4514): HOLA
[INFO] 15:33:44:459 Prueba/(4514:4514): xd
[INFO] 15:37:24:030 Prueba/(5109:5109): Hola! Soy un log
[INFO] 15:37:24:039 Prueba/(5109:5109): HOLA
[INFO] 15:37:30:666 Prueba/(5109:5109): Puedo
[INFO] 15:37:32:437 Prueba/(5109:5109): Leer
[INFO] 15:37:33:716 Prueba/(5109:5109): Todo
[INFO] 15:37:35:853 Prueba/(5109:5109): Perro
[INFO] 15:37:52:245 Prueba/(5155:5155): Hola! Soy un log
[INFO] 15:37:52:248 Prueba/(5155:5155): HOLA
[INFO] 15:37:56:313 Prueba/(5155:5155): xd
[INFO] 01:06:34:857 Prueba/(2657:2657): Hola! Soy un log
[INFO] 01:06:34:862 Prueba/(2657:2657): HOLA
[INFO] 01:06:41:224 Prueba/(2657:2657): xd
[INFO] 01:06:44:982 Prueba/(2657:2657): chanfles
[INFO] 01:06:48:069 Prueba/(2657:2657): lala
[INFO] 23:15:53:646 Prueba/(1843:1843): Hola! Soy un log
[INFO] 23:15:53:664 Prueba/(1843:1843): HOLA
[INFO] 23:16:25:377 Prueba/(1843:1843): como
[INFO] 23:16:26:873 Prueba/(1843:1843): estas
[INFO] 23:16:30:264 Prueba/(1843:1843): info
[INFO] 23:19:33:916 Prueba/(1903:1903): Hola! Soy un log
[INFO] 23:19:33:919 Prueba/(1903:1903): HOLA
[INFO] 23:19:36:858 Prueba/(1903:1903): asdasdasd
[INFO] 23:19:48:459 Prueba/(1914:1914): Hola! Soy un log
[INFO] 23:19:48:485 Prueba/(1914:1914): HOLA
[INFO] 23:21:42:389 Prueba/(1939:1939): Hola! Soy un log
[INFO] 23:21:42:390 Prueba/(1939:1939): HOLA
[INFO] 23:22:07:338 Prueba/(1939:1939): asdasdad
[INFO] 23:25:39:382 Prueba/(1984:1984): Hola! Soy un log
[INFO] 23:25:39:393 Prueba/(1984:1984): HOLA
[INFO] 23:27:03:669 Prueba/(2006:2006): Hola! Soy un log
[INFO] 23:27:03:669 Prueba/(2006:2006): HOLA
[INFO] 23:30:14:005 Prueba/(2122:2122): Hola! Soy un log
[INFO] 23:30:14:010 Prueba/(2122:2122): HOLA
[INFO] 23:30:19:068 Prueba/(2122:2122): hola
[INFO] 23:30:20:515 Prueba/(2122:2122): como
[INFO] 23:30:30:668 Prueba/(2122:2122): va
[INFO] 23:35:57:874 Prueba/(2343:2343): Hola! Soy un log
[INFO] 23:35:57:883 Prueba/(2343:2343): HOLA
[INFO] 23:38:55:810 Prueba/(2530:2530): Hola! Soy un log
[INFO] 23:38:55:813 Prueba/(2530:2530): HOLA
[INFO] 23:41:35:920 Prueba/(2628:2628): Hola! Soy un log
[INFO] 23:41:35:926 Prueba/(2628:2628): HOLA
[INFO] 23:42:24:987 Prueba/(2712:2712): Hola! Soy un log
[INFO] 23:42:24:989 Prueba/(2712:2712): HOLA
[INFO] 23:42:24:989 Prueba/(2712:2712): 127.0.0.1
[INFO] 23:42:24:989 Prueba/(2712:2712): 4444
[INFO] 23:43:18:031 Prueba/(2817:2817): Hola! Soy un log
[INFO] 23:43:18:042 Prueba/(2817:2817): HOLA
[INFO] 23:43:18:044 Prueba/(2817:2817): 127.0.0.1
[INFO] 23:43:18:044 Prueba/(2817:2817): 4444
[INFO] 23:44:13:579 Prueba/(2847:2847): Hola! Soy un log
[INFO] 23:44:13:580 Prueba/(2847:2847): HOLA
[INFO] 23:44:13:580 Prueba/(2847:2847): 127.0.0.1
[INFO] 23:44:13:581 Prueba/(2847:2847): 4444
[INFO] 23:44:48:833 Prueba/(2847:2847): Hola
[INFO] 23:44:51:058 Prueba/(2847:2847): 
[INFO] 23:44:52:093 Prueba/(2847:2847): 
[INFO] 23:44:55:797 Prueba/(2847:2847): 
[INFO] 23:45:04:105 Prueba/(2847:2847): 
[INFO] 23:45:06:133 Prueba/(2847:2847): 
[INFO] 23:45:06:901 Prueba/(2847:2847): 
[INFO] 23:45:07:594 Prueba/(2847:2847): 
[INFO] 23:45:08:091 Prueba/(2847:2847): 
[INFO] 23:45:08:248 Prueba/(2847:2847): 
[INFO] 23:45:08:399 Prueba/(2847:2847): 
[INFO] 23:45:08:555 Prueba/(2847:2847): 
[INFO] 23:45:08:700 Prueba/(2847:2847): 
[INFO] 23:45:08:856 Prueba/(2847:2847): 
[INFO] 23:45:08:996 Prueba/(2847:2847): 
[INFO] 23:45:09:150 Prueba/(2847:2847): 
[INFO] 23:45:09:307 Prueba/(2847:2847): 
[INFO] 23:45:09:455 Prueba/(2847:2847): 
[INFO] 23:45:09:612 Prueba/(2847:2847): 
[INFO] 23:45:09:768 Prueba/(2847:2847): 
[INFO] 23:45:09:893 Prueba/(2847:2847): 
[INFO] 23:45:58:824 Prueba/(2944:2944): Hola! Soy un log
[INFO] 23:47:12:197 Prueba/(3052:3052): Hola! Soy un log
[INFO] 23:47:22:077 Prueba/(3052:3052): valor
[INFO] 23:47:22:572 Prueba/(3052:3052): 127.0.0.1
[INFO] 23:47:23:294 Prueba/(3052:3052): 4444
[INFO] 23:48:39:198 Prueba/(3117:3117): Hola! Soy un log
[INFO] 23:48:39:203 Prueba/(3117:3117): valor
[INFO] 23:48:39:203 Prueba/(3117:3117): 127.0.0.1
[INFO] 23:48:39:203 Prueba/(3117:3117): 4444
